<?xml version="1.0" encoding="UTF-8"?>
<!-- Generated by org.testng.reporters.JUnitReportReporter -->
<testsuite hostname="SREELAKSHMI" failures="0" tests="1" name="hackerRankTestCases.HackerRankContestsTest" time="7.501" errors="0" timestamp="2023-11-02T17:19:27 IST" skipped="0">
  <testcase classname="hackerRankTestCases.HackerRankContestsTest" name="test" time="7.501"/>
</testsuite> <!-- hackerRankTestCases.HackerRankContestsTest -->
