<?xml version="1.0" encoding="UTF-8"?>
<!-- Generated by org.testng.reporters.JUnitReportReporter -->
<testsuite hostname="SREELAKSHMI" failures="0" tests="2" name="hackerRankTestCases.HackerRankStartPrepTest" time="11.402" errors="0" timestamp="2023-11-02T20:05:47 IST" skipped="0">
  <testcase classname="hackerRankTestCases.HackerRankStartPrepTest" name="test" time="11.379"/>
  <testcase classname="hackerRankTestCases.HackerRankStartPrepTest" name="assertWithTitle" time="0.023"/>
</testsuite> <!-- hackerRankTestCases.HackerRankStartPrepTest -->
