<?xml version="1.0" encoding="UTF-8"?>
<!-- Generated by org.testng.reporters.JUnitReportReporter -->
<testsuite hostname="SREELAKSHMI" failures="0" tests="2" name="hackerRankTestCases.HackerRankRequestDemoTest" time="7.014" errors="0" timestamp="2023-11-02T19:54:00 IST" skipped="0">
  <testcase classname="hackerRankTestCases.HackerRankRequestDemoTest" name="test" time="5.144"/>
  <testcase classname="hackerRankTestCases.HackerRankRequestDemoTest" name="assertWithTitle" time="1.870"/>
</testsuite> <!-- hackerRankTestCases.HackerRankRequestDemoTest -->
