<?xml version="1.0" encoding="UTF-8"?>
<!-- Generated by org.testng.reporters.JUnitReportReporter -->
<testsuite hostname="SREELAKSHMI" failures="0" tests="1" name="hackerRankPages.HackerRankApply" time="2.035" errors="0" timestamp="2023-11-01T17:37:55 IST" skipped="0">
  <testcase classname="hackerRankPages.HackerRankApply" name="openBrowser" time="2.035"/>
</testsuite> <!-- hackerRankPages.HackerRankApply -->
