<?xml version="1.0" encoding="UTF-8"?>
<!-- Generated by org.testng.reporters.JUnitReportReporter -->
<testsuite hostname="SREELAKSHMI" failures="0" tests="2" name="hackerRankTestCases.HackerRankLoginTest" time="7.250" errors="0" timestamp="2023-11-02T19:46:07 IST" skipped="0">
  <testcase classname="hackerRankTestCases.HackerRankLoginTest" name="test" time="4.279"/>
  <testcase classname="hackerRankTestCases.HackerRankLoginTest" name="assertWithTitle" time="2.971"/>
</testsuite> <!-- hackerRankTestCases.HackerRankLoginTest -->
